2023.05.01 14:46:21 INFO  Started: Metals version 0.11.12 in workspace '/Users/jwzhang/github/ImagineCupJr2023' for client Visual Studio Code 1.77.3.
May 01, 2023 2:46:21 PM org.flywaydb.core.internal.license.VersionPrinter printVersionOnly
INFO: Flyway Community Edition 9.16.3 by Redgate
May 01, 2023 2:46:21 PM org.flywaydb.core.internal.license.VersionPrinter printVersion
INFO: See release notes here: https://rd.gt/416ObMi
May 01, 2023 2:46:21 PM org.flywaydb.core.internal.license.VersionPrinter printVersion
INFO: 
May 01, 2023 2:46:22 PM org.flywaydb.core.internal.database.base.BaseDatabaseType createDatabase
INFO: Database: jdbc:h2:file:/Users/jwzhang/github/ImagineCupJr2023/.metals/metals (H2 2.1)
May 01, 2023 2:46:22 PM org.flywaydb.core.internal.schemahistory.JdbcTableSchemaHistory allAppliedMigrations
INFO: Schema history table "PUBLIC"."flyway_schema_history" does not exist yet
May 01, 2023 2:46:22 PM org.flywaydb.core.internal.command.DbValidate validate
INFO: Successfully validated 4 migrations (execution time 00:00.022s)
May 01, 2023 2:46:22 PM org.flywaydb.core.internal.schemahistory.JdbcTableSchemaHistory create
INFO: Creating Schema History table "PUBLIC"."flyway_schema_history" ...
May 01, 2023 2:46:22 PM org.flywaydb.core.internal.command.DbMigrate migrateGroup
INFO: Current version of schema "PUBLIC": << Empty Schema >>
May 01, 2023 2:46:22 PM org.flywaydb.core.internal.command.DbMigrate doMigrateGroup
INFO: Migrating schema "PUBLIC" to version "1 - Create tables"
May 01, 2023 2:46:22 PM org.flywaydb.core.internal.command.DbMigrate doMigrateGroup
INFO: Migrating schema "PUBLIC" to version "2 - Server discovery"
May 01, 2023 2:46:22 PM org.flywaydb.core.internal.command.DbMigrate doMigrateGroup
INFO: Migrating schema "PUBLIC" to version "3 - Jar symbols"
May 01, 2023 2:46:22 PM org.flywaydb.core.internal.command.DbMigrate doMigrateGroup
INFO: Migrating schema "PUBLIC" to version "4 - Fingerprints"
May 01, 2023 2:46:22 PM org.flywaydb.core.internal.command.DbMigrate logSummary
INFO: Successfully applied 4 migrations to schema "PUBLIC", now at version v4 (execution time 00:00.145s)
2023.05.01 14:46:22 INFO  time: initialize in 1.2s
2023.05.01 14:46:29 WARN  Build server is not auto-connectable.
2023.05.01 14:46:29 WARN  no build tool detected in workspace '/Users/jwzhang/github/ImagineCupJr2023'. The most common cause for this problem is that the editor was opened in the wrong working directory, for example if you use sbt then the workspace directory should contain build.sbt. 
2023.05.01 14:46:29 WARN  no build target for: /Users/jwzhang/github/ImagineCupJr2023/smartContract.java
May 01, 2023 2:47:00 PM org.eclipse.lsp4j.jsonrpc.RemoteEndpoint handleCancellation
WARNING: Unmatched cancel notification for request id 8
May 01, 2023 2:47:00 PM org.eclipse.lsp4j.jsonrpc.RemoteEndpoint handleCancellation
WARNING: Unmatched cancel notification for request id 9
2023.05.01 14:47:03 WARN  no build target for: /Users/jwzhang/github/ImagineCupJr2023/smartContract.java
2023.05.01 14:47:07 WARN  no build target for: /Users/jwzhang/github/ImagineCupJr2023/smartContract.java
2023.05.01 14:47:10 WARN  no build target for: /Users/jwzhang/github/ImagineCupJr2023/smartContract.java
May 01, 2023 2:47:10 PM org.eclipse.lsp4j.jsonrpc.RemoteEndpoint handleCancellation
WARNING: Unmatched cancel notification for request id 61
May 01, 2023 2:47:10 PM org.eclipse.lsp4j.jsonrpc.RemoteEndpoint handleCancellation
WARNING: Unmatched cancel notification for request id 64
May 01, 2023 2:47:10 PM org.eclipse.lsp4j.jsonrpc.RemoteEndpoint handleCancellation
WARNING: Unmatched cancel notification for request id 63
2023.05.01 14:47:10 WARN  no build target for: /Users/jwzhang/github/ImagineCupJr2023/smartContract.java
May 01, 2023 2:47:10 PM org.eclipse.lsp4j.jsonrpc.RemoteEndpoint handleCancellation
WARNING: Unmatched cancel notification for request id 60
May 01, 2023 2:47:10 PM org.eclipse.lsp4j.jsonrpc.RemoteEndpoint handleCancellation
WARNING: Unmatched cancel notification for request id 65
May 01, 2023 2:47:10 PM org.eclipse.lsp4j.jsonrpc.RemoteEndpoint handleCancellation
WARNING: Unmatched cancel notification for request id 66
May 01, 2023 2:47:11 PM org.eclipse.lsp4j.jsonrpc.RemoteEndpoint fallbackResponseError
SEVERE: Internal error: java.lang.ArrayIndexOutOfBoundsException: arraycopy: last source index 44 out of bounds for char[42]
java.util.concurrent.CompletionException: java.lang.ArrayIndexOutOfBoundsException: arraycopy: last source index 44 out of bounds for char[42]
	at java.base/java.util.concurrent.CompletableFuture.encodeThrowable(CompletableFuture.java:331)
	at java.base/java.util.concurrent.CompletableFuture.completeThrowable(CompletableFuture.java:346)
	at java.base/java.util.concurrent.CompletableFuture$UniAccept.tryFire(CompletableFuture.java:704)
	at java.base/java.util.concurrent.CompletableFuture.postComplete(CompletableFuture.java:506)
	at java.base/java.util.concurrent.CompletableFuture.completeExceptionally(CompletableFuture.java:2088)
	at scala.meta.internal.metals.CancelTokens$.$anonfun$future$1(CancelTokens.scala:40)
	at scala.meta.internal.metals.CancelTokens$.$anonfun$future$1$adapted(CancelTokens.scala:38)
	at scala.concurrent.impl.Promise$Transformation.run(Promise.scala:484)
	at java.base/java.util.concurrent.ThreadPoolExecutor.runWorker(ThreadPoolExecutor.java:1128)
	at java.base/java.util.concurrent.ThreadPoolExecutor$Worker.run(ThreadPoolExecutor.java:628)
	at java.base/java.lang.Thread.run(Thread.java:829)
Caused by: java.lang.ArrayIndexOutOfBoundsException: arraycopy: last source index 44 out of bounds for char[42]
	at java.base/java.lang.System.arraycopy(Native Method)
	at org.eclipse.jdt.internal.core.util.PublicScanner.getRawTokenSource(PublicScanner.java:597)
	at scala.meta.internal.parsing.JavaFoldingRangeExtractor.gatherImportLines$1(JavaFoldingRangeExtractor.scala:75)
	at scala.meta.internal.parsing.JavaFoldingRangeExtractor.gather$1(JavaFoldingRangeExtractor.scala:125)
	at scala.meta.internal.parsing.JavaFoldingRangeExtractor.extract(JavaFoldingRangeExtractor.scala:157)
	at scala.meta.internal.parsing.FoldingRangeProvider.$anonfun$getRangedForJava$2(FoldingRangeProvider.scala:48)
	at scala.Option$WithFilter.map(Option.scala:242)
	at scala.meta.internal.parsing.FoldingRangeProvider.getRangedForJava(FoldingRangeProvider.scala:43)
	at scala.meta.internal.metals.MetalsLspService.$anonfun$foldingRange$3(MetalsLspService.scala:1795)
	at scala.concurrent.Future$.$anonfun$apply$1(Future.scala:678)
	at scala.concurrent.impl.Promise$Transformation.run(Promise.scala:467)
	... 3 more

May 01, 2023 2:47:11 PM org.eclipse.lsp4j.jsonrpc.RemoteEndpoint handleCancellation
WARNING: Unmatched cancel notification for request id 68
May 01, 2023 2:47:11 PM org.eclipse.lsp4j.jsonrpc.RemoteEndpoint fallbackResponseError
SEVERE: Internal error: java.lang.ArrayIndexOutOfBoundsException: arraycopy: last source index 43 out of bounds for char[41]
java.util.concurrent.CompletionException: java.lang.ArrayIndexOutOfBoundsException: arraycopy: last source index 43 out of bounds for char[41]
	at java.base/java.util.concurrent.CompletableFuture.encodeThrowable(CompletableFuture.java:331)
	at java.base/java.util.concurrent.CompletableFuture.completeThrowable(CompletableFuture.java:346)
	at java.base/java.util.concurrent.CompletableFuture$UniAccept.tryFire(CompletableFuture.java:704)
	at java.base/java.util.concurrent.CompletableFuture.postComplete(CompletableFuture.java:506)
	at java.base/java.util.concurrent.CompletableFuture.completeExceptionally(CompletableFuture.java:2088)
	at scala.meta.internal.metals.CancelTokens$.$anonfun$future$1(CancelTokens.scala:40)
	at scala.meta.internal.metals.CancelTokens$.$anonfun$future$1$adapted(CancelTokens.scala:38)
	at scala.concurrent.impl.Promise$Transformation.run(Promise.scala:484)
	at java.base/java.util.concurrent.ThreadPoolExecutor.runWorker(ThreadPoolExecutor.java:1128)
	at java.base/java.util.concurrent.ThreadPoolExecutor$Worker.run(ThreadPoolExecutor.java:628)
	at java.base/java.lang.Thread.run(Thread.java:829)
Caused by: java.lang.ArrayIndexOutOfBoundsException: arraycopy: last source index 43 out of bounds for char[41]
	at java.base/java.lang.System.arraycopy(Native Method)
	at org.eclipse.jdt.internal.core.util.PublicScanner.getRawTokenSource(PublicScanner.java:597)
	at scala.meta.internal.parsing.JavaFoldingRangeExtractor.gatherImportLines$1(JavaFoldingRangeExtractor.scala:75)
	at scala.meta.internal.parsing.JavaFoldingRangeExtractor.gather$1(JavaFoldingRangeExtractor.scala:125)
	at scala.meta.internal.parsing.JavaFoldingRangeExtractor.extract(JavaFoldingRangeExtractor.scala:157)
	at scala.meta.internal.parsing.FoldingRangeProvider.$anonfun$getRangedForJava$2(FoldingRangeProvider.scala:48)
	at scala.Option$WithFilter.map(Option.scala:242)
	at scala.meta.internal.parsing.FoldingRangeProvider.getRangedForJava(FoldingRangeProvider.scala:43)
	at scala.meta.internal.metals.MetalsLspService.$anonfun$foldingRange$3(MetalsLspService.scala:1795)
	at scala.concurrent.Future$.$anonfun$apply$1(Future.scala:678)
	at scala.concurrent.impl.Promise$Transformation.run(Promise.scala:467)
	... 3 more

May 01, 2023 2:47:11 PM org.eclipse.lsp4j.jsonrpc.RemoteEndpoint fallbackResponseError
SEVERE: Internal error: java.lang.ArrayIndexOutOfBoundsException: arraycopy: last source index 45 out of bounds for char[43]
java.util.concurrent.CompletionException: java.lang.ArrayIndexOutOfBoundsException: arraycopy: last source index 45 out of bounds for char[43]
	at java.base/java.util.concurrent.CompletableFuture.encodeThrowable(CompletableFuture.java:331)
	at java.base/java.util.concurrent.CompletableFuture.completeThrowable(CompletableFuture.java:346)
	at java.base/java.util.concurrent.CompletableFuture$UniAccept.tryFire(CompletableFuture.java:704)
	at java.base/java.util.concurrent.CompletableFuture.postComplete(CompletableFuture.java:506)
	at java.base/java.util.concurrent.CompletableFuture.completeExceptionally(CompletableFuture.java:2088)
	at scala.meta.internal.metals.CancelTokens$.$anonfun$future$1(CancelTokens.scala:40)
	at scala.meta.internal.metals.CancelTokens$.$anonfun$future$1$adapted(CancelTokens.scala:38)
	at scala.concurrent.impl.Promise$Transformation.run(Promise.scala:484)
	at java.base/java.util.concurrent.ThreadPoolExecutor.runWorker(ThreadPoolExecutor.java:1128)
	at java.base/java.util.concurrent.ThreadPoolExecutor$Worker.run(ThreadPoolExecutor.java:628)
	at java.base/java.lang.Thread.run(Thread.java:829)
Caused by: java.lang.ArrayIndexOutOfBoundsException: arraycopy: last source index 45 out of bounds for char[43]
	at java.base/java.lang.System.arraycopy(Native Method)
	at org.eclipse.jdt.internal.core.util.PublicScanner.getRawTokenSource(PublicScanner.java:597)
	at scala.meta.internal.parsing.JavaFoldingRangeExtractor.gatherImportLines$1(JavaFoldingRangeExtractor.scala:75)
	at scala.meta.internal.parsing.JavaFoldingRangeExtractor.gather$1(JavaFoldingRangeExtractor.scala:125)
	at scala.meta.internal.parsing.JavaFoldingRangeExtractor.extract(JavaFoldingRangeExtractor.scala:157)
	at scala.meta.internal.parsing.FoldingRangeProvider.$anonfun$getRangedForJava$2(FoldingRangeProvider.scala:48)
	at scala.Option$WithFilter.map(Option.scala:242)
	at scala.meta.internal.parsing.FoldingRangeProvider.getRangedForJava(FoldingRangeProvider.scala:43)
	at scala.meta.internal.metals.MetalsLspService.$anonfun$foldingRange$3(MetalsLspService.scala:1795)
	at scala.concurrent.Future$.$anonfun$apply$1(Future.scala:678)
	at scala.concurrent.impl.Promise$Transformation.run(Promise.scala:467)
	... 3 more

May 01, 2023 2:47:11 PM org.eclipse.lsp4j.jsonrpc.RemoteEndpoint fallbackResponseError
SEVERE: Internal error: java.lang.ArrayIndexOutOfBoundsException: arraycopy: last source index 46 out of bounds for char[44]
java.util.concurrent.CompletionException: java.lang.ArrayIndexOutOfBoundsException: arraycopy: last source index 46 out of bounds for char[44]
	at java.base/java.util.concurrent.CompletableFuture.encodeThrowable(CompletableFuture.java:331)
	at java.base/java.util.concurrent.CompletableFuture.completeThrowable(CompletableFuture.java:346)
	at java.base/java.util.concurrent.CompletableFuture$UniAccept.tryFire(CompletableFuture.java:704)
	at java.base/java.util.concurrent.CompletableFuture.postComplete(CompletableFuture.java:506)
	at java.base/java.util.concurrent.CompletableFuture.completeExceptionally(CompletableFuture.java:2088)
	at scala.meta.internal.metals.CancelTokens$.$anonfun$future$1(CancelTokens.scala:40)
	at scala.meta.internal.metals.CancelTokens$.$anonfun$future$1$adapted(CancelTokens.scala:38)
	at scala.concurrent.impl.Promise$Transformation.run(Promise.scala:484)
	at java.base/java.util.concurrent.ThreadPoolExecutor.runWorker(ThreadPoolExecutor.java:1128)
	at java.base/java.util.concurrent.ThreadPoolExecutor$Worker.run(ThreadPoolExecutor.java:628)
	at java.base/java.lang.Thread.run(Thread.java:829)
Caused by: java.lang.ArrayIndexOutOfBoundsException: arraycopy: last source index 46 out of bounds for char[44]
	at java.base/java.lang.System.arraycopy(Native Method)
	at org.eclipse.jdt.internal.core.util.PublicScanner.getRawTokenSource(PublicScanner.java:597)
	at scala.meta.internal.parsing.JavaFoldingRangeExtractor.gatherImportLines$1(JavaFoldingRangeExtractor.scala:75)
	at scala.meta.internal.parsing.JavaFoldingRangeExtractor.gather$1(JavaFoldingRangeExtractor.scala:125)
	at scala.meta.internal.parsing.JavaFoldingRangeExtractor.extract(JavaFoldingRangeExtractor.scala:157)
	at scala.meta.internal.parsing.FoldingRangeProvider.$anonfun$getRangedForJava$2(FoldingRangeProvider.scala:48)
	at scala.Option$WithFilter.map(Option.scala:242)
	at scala.meta.internal.parsing.FoldingRangeProvider.getRangedForJava(FoldingRangeProvider.scala:43)
	at scala.meta.internal.metals.MetalsLspService.$anonfun$foldingRange$3(MetalsLspService.scala:1795)
	at scala.concurrent.Future$.$anonfun$apply$1(Future.scala:678)
	at scala.concurrent.impl.Promise$Transformation.run(Promise.scala:467)
	... 3 more

May 01, 2023 2:47:12 PM org.eclipse.lsp4j.jsonrpc.RemoteEndpoint fallbackResponseError
SEVERE: Internal error: java.lang.ArrayIndexOutOfBoundsException: arraycopy: last source index 45 out of bounds for char[43]
java.util.concurrent.CompletionException: java.lang.ArrayIndexOutOfBoundsException: arraycopy: last source index 45 out of bounds for char[43]
	at java.base/java.util.concurrent.CompletableFuture.encodeThrowable(CompletableFuture.java:331)
	at java.base/java.util.concurrent.CompletableFuture.completeThrowable(CompletableFuture.java:346)
	at java.base/java.util.concurrent.CompletableFuture$UniAccept.tryFire(CompletableFuture.java:704)
	at java.base/java.util.concurrent.CompletableFuture.postComplete(CompletableFuture.java:506)
	at java.base/java.util.concurrent.CompletableFuture.completeExceptionally(CompletableFuture.java:2088)
	at scala.meta.internal.metals.CancelTokens$.$anonfun$future$1(CancelTokens.scala:40)
	at scala.meta.internal.metals.CancelTokens$.$anonfun$future$1$adapted(CancelTokens.scala:38)
	at scala.concurrent.impl.Promise$Transformation.run(Promise.scala:484)
	at java.base/java.util.concurrent.ThreadPoolExecutor.runWorker(ThreadPoolExecutor.java:1128)
	at java.base/java.util.concurrent.ThreadPoolExecutor$Worker.run(ThreadPoolExecutor.java:628)
	at java.base/java.lang.Thread.run(Thread.java:829)
Caused by: java.lang.ArrayIndexOutOfBoundsException: arraycopy: last source index 45 out of bounds for char[43]
	at java.base/java.lang.System.arraycopy(Native Method)
	at org.eclipse.jdt.internal.core.util.PublicScanner.getRawTokenSource(PublicScanner.java:597)
	at scala.meta.internal.parsing.JavaFoldingRangeExtractor.gatherImportLines$1(JavaFoldingRangeExtractor.scala:75)
	at scala.meta.internal.parsing.JavaFoldingRangeExtractor.gather$1(JavaFoldingRangeExtractor.scala:125)
	at scala.meta.internal.parsing.JavaFoldingRangeExtractor.extract(JavaFoldingRangeExtractor.scala:157)
	at scala.meta.internal.parsing.FoldingRangeProvider.$anonfun$getRangedForJava$2(FoldingRangeProvider.scala:48)
	at scala.Option$WithFilter.map(Option.scala:242)
	at scala.meta.internal.parsing.FoldingRangeProvider.getRangedForJava(FoldingRangeProvider.scala:43)
	at scala.meta.internal.metals.MetalsLspService.$anonfun$foldingRange$3(MetalsLspService.scala:1795)
	at scala.concurrent.Future$.$anonfun$apply$1(Future.scala:678)
	at scala.concurrent.impl.Promise$Transformation.run(Promise.scala:467)
	... 3 more

May 01, 2023 2:47:12 PM org.eclipse.lsp4j.jsonrpc.RemoteEndpoint fallbackResponseError
SEVERE: Internal error: java.lang.ArrayIndexOutOfBoundsException: arraycopy: last source index 47 out of bounds for char[45]
java.util.concurrent.CompletionException: java.lang.ArrayIndexOutOfBoundsException: arraycopy: last source index 47 out of bounds for char[45]
	at java.base/java.util.concurrent.CompletableFuture.encodeThrowable(CompletableFuture.java:331)
	at java.base/java.util.concurrent.CompletableFuture.completeThrowable(CompletableFuture.java:346)
	at java.base/java.util.concurrent.CompletableFuture$UniAccept.tryFire(CompletableFuture.java:704)
	at java.base/java.util.concurrent.CompletableFuture.postComplete(CompletableFuture.java:506)
	at java.base/java.util.concurrent.CompletableFuture.completeExceptionally(CompletableFuture.java:2088)
	at scala.meta.internal.metals.CancelTokens$.$anonfun$future$1(CancelTokens.scala:40)
	at scala.meta.internal.metals.CancelTokens$.$anonfun$future$1$adapted(CancelTokens.scala:38)
	at scala.concurrent.impl.Promise$Transformation.run(Promise.scala:484)
	at java.base/java.util.concurrent.ThreadPoolExecutor.runWorker(ThreadPoolExecutor.java:1128)
	at java.base/java.util.concurrent.ThreadPoolExecutor$Worker.run(ThreadPoolExecutor.java:628)
	at java.base/java.lang.Thread.run(Thread.java:829)
Caused by: java.lang.ArrayIndexOutOfBoundsException: arraycopy: last source index 47 out of bounds for char[45]
	at java.base/java.lang.System.arraycopy(Native Method)
	at org.eclipse.jdt.internal.core.util.PublicScanner.getRawTokenSource(PublicScanner.java:597)
	at scala.meta.internal.parsing.JavaFoldingRangeExtractor.gatherImportLines$1(JavaFoldingRangeExtractor.scala:75)
	at scala.meta.internal.parsing.JavaFoldingRangeExtractor.gather$1(JavaFoldingRangeExtractor.scala:125)
	at scala.meta.internal.parsing.JavaFoldingRangeExtractor.extract(JavaFoldingRangeExtractor.scala:157)
	at scala.meta.internal.parsing.FoldingRangeProvider.$anonfun$getRangedForJava$2(FoldingRangeProvider.scala:48)
	at scala.Option$WithFilter.map(Option.scala:242)
	at scala.meta.internal.parsing.FoldingRangeProvider.getRangedForJava(FoldingRangeProvider.scala:43)
	at scala.meta.internal.metals.MetalsLspService.$anonfun$foldingRange$3(MetalsLspService.scala:1795)
	at scala.concurrent.Future$.$anonfun$apply$1(Future.scala:678)
	at scala.concurrent.impl.Promise$Transformation.run(Promise.scala:467)
	... 3 more

May 01, 2023 2:47:13 PM org.eclipse.lsp4j.jsonrpc.RemoteEndpoint fallbackResponseError
SEVERE: Internal error: java.lang.ArrayIndexOutOfBoundsException: arraycopy: last source index 48 out of bounds for char[46]
java.util.concurrent.CompletionException: java.lang.ArrayIndexOutOfBoundsException: arraycopy: last source index 48 out of bounds for char[46]
	at java.base/java.util.concurrent.CompletableFuture.encodeThrowable(CompletableFuture.java:331)
	at java.base/java.util.concurrent.CompletableFuture.completeThrowable(CompletableFuture.java:346)
	at java.base/java.util.concurrent.CompletableFuture$UniAccept.tryFire(CompletableFuture.java:704)
	at java.base/java.util.concurrent.CompletableFuture.postComplete(CompletableFuture.java:506)
	at java.base/java.util.concurrent.CompletableFuture.completeExceptionally(CompletableFuture.java:2088)
	at scala.meta.internal.metals.CancelTokens$.$anonfun$future$1(CancelTokens.scala:40)
	at scala.meta.internal.metals.CancelTokens$.$anonfun$future$1$adapted(CancelTokens.scala:38)
	at scala.concurrent.impl.Promise$Transformation.run(Promise.scala:484)
	at java.base/java.util.concurrent.ThreadPoolExecutor.runWorker(ThreadPoolExecutor.java:1128)
	at java.base/java.util.concurrent.ThreadPoolExecutor$Worker.run(ThreadPoolExecutor.java:628)
	at java.base/java.lang.Thread.run(Thread.java:829)
Caused by: java.lang.ArrayIndexOutOfBoundsException: arraycopy: last source index 48 out of bounds for char[46]
	at java.base/java.lang.System.arraycopy(Native Method)
	at org.eclipse.jdt.internal.core.util.PublicScanner.getRawTokenSource(PublicScanner.java:597)
	at scala.meta.internal.parsing.JavaFoldingRangeExtractor.gatherImportLines$1(JavaFoldingRangeExtractor.scala:75)
	at scala.meta.internal.parsing.JavaFoldingRangeExtractor.gather$1(JavaFoldingRangeExtractor.scala:125)
	at scala.meta.internal.parsing.JavaFoldingRangeExtractor.extract(JavaFoldingRangeExtractor.scala:157)
	at scala.meta.internal.parsing.FoldingRangeProvider.$anonfun$getRangedForJava$2(FoldingRangeProvider.scala:48)
	at scala.Option$WithFilter.map(Option.scala:242)
	at scala.meta.internal.parsing.FoldingRangeProvider.getRangedForJava(FoldingRangeProvider.scala:43)
	at scala.meta.internal.metals.MetalsLspService.$anonfun$foldingRange$3(MetalsLspService.scala:1795)
	at scala.concurrent.Future$.$anonfun$apply$1(Future.scala:678)
	at scala.concurrent.impl.Promise$Transformation.run(Promise.scala:467)
	... 3 more

May 01, 2023 2:47:14 PM org.eclipse.lsp4j.jsonrpc.RemoteEndpoint fallbackResponseError
SEVERE: Internal error: java.lang.ArrayIndexOutOfBoundsException: arraycopy: last source index 46 out of bounds for char[44]
java.util.concurrent.CompletionException: java.lang.ArrayIndexOutOfBoundsException: arraycopy: last source index 46 out of bounds for char[44]
	at java.base/java.util.concurrent.CompletableFuture.encodeThrowable(CompletableFuture.java:331)
	at java.base/java.util.concurrent.CompletableFuture.completeThrowable(CompletableFuture.java:346)
	at java.base/java.util.concurrent.CompletableFuture$UniAccept.tryFire(CompletableFuture.java:704)
	at java.base/java.util.concurrent.CompletableFuture.postComplete(CompletableFuture.java:506)
	at java.base/java.util.concurrent.CompletableFuture.completeExceptionally(CompletableFuture.java:2088)
	at scala.meta.internal.metals.CancelTokens$.$anonfun$future$1(CancelTokens.scala:40)
	at scala.meta.internal.metals.CancelTokens$.$anonfun$future$1$adapted(CancelTokens.scala:38)
	at scala.concurrent.impl.Promise$Transformation.run(Promise.scala:484)
	at java.base/java.util.concurrent.ThreadPoolExecutor.runWorker(ThreadPoolExecutor.java:1128)
	at java.base/java.util.concurrent.ThreadPoolExecutor$Worker.run(ThreadPoolExecutor.java:628)
	at java.base/java.lang.Thread.run(Thread.java:829)
Caused by: java.lang.ArrayIndexOutOfBoundsException: arraycopy: last source index 46 out of bounds for char[44]
	at java.base/java.lang.System.arraycopy(Native Method)
	at org.eclipse.jdt.internal.core.util.PublicScanner.getRawTokenSource(PublicScanner.java:597)
	at scala.meta.internal.parsing.JavaFoldingRangeExtractor.gatherImportLines$1(JavaFoldingRangeExtractor.scala:75)
	at scala.meta.internal.parsing.JavaFoldingRangeExtractor.gather$1(JavaFoldingRangeExtractor.scala:125)
	at scala.meta.internal.parsing.JavaFoldingRangeExtractor.extract(JavaFoldingRangeExtractor.scala:157)
	at scala.meta.internal.parsing.FoldingRangeProvider.$anonfun$getRangedForJava$2(FoldingRangeProvider.scala:48)
	at scala.Option$WithFilter.map(Option.scala:242)
	at scala.meta.internal.parsing.FoldingRangeProvider.getRangedForJava(FoldingRangeProvider.scala:43)
	at scala.meta.internal.metals.MetalsLspService.$anonfun$foldingRange$3(MetalsLspService.scala:1795)
	at scala.concurrent.Future$.$anonfun$apply$1(Future.scala:678)
	at scala.concurrent.impl.Promise$Transformation.run(Promise.scala:467)
	... 3 more

May 01, 2023 2:47:15 PM org.eclipse.lsp4j.jsonrpc.RemoteEndpoint fallbackResponseError
SEVERE: Internal error: java.lang.ArrayIndexOutOfBoundsException: arraycopy: last source index 50 out of bounds for char[48]
java.util.concurrent.CompletionException: java.lang.ArrayIndexOutOfBoundsException: arraycopy: last source index 50 out of bounds for char[48]
	at java.base/java.util.concurrent.CompletableFuture.encodeThrowable(CompletableFuture.java:331)
	at java.base/java.util.concurrent.CompletableFuture.completeThrowable(CompletableFuture.java:346)
	at java.base/java.util.concurrent.CompletableFuture$UniAccept.tryFire(CompletableFuture.java:704)
	at java.base/java.util.concurrent.CompletableFuture.postComplete(CompletableFuture.java:506)
	at java.base/java.util.concurrent.CompletableFuture.completeExceptionally(CompletableFuture.java:2088)
	at scala.meta.internal.metals.CancelTokens$.$anonfun$future$1(CancelTokens.scala:40)
	at scala.meta.internal.metals.CancelTokens$.$anonfun$future$1$adapted(CancelTokens.scala:38)
	at scala.concurrent.impl.Promise$Transformation.run(Promise.scala:484)
	at java.base/java.util.concurrent.ThreadPoolExecutor.runWorker(ThreadPoolExecutor.java:1128)
	at java.base/java.util.concurrent.ThreadPoolExecutor$Worker.run(ThreadPoolExecutor.java:628)
	at java.base/java.lang.Thread.run(Thread.java:829)
Caused by: java.lang.ArrayIndexOutOfBoundsException: arraycopy: last source index 50 out of bounds for char[48]
	at java.base/java.lang.System.arraycopy(Native Method)
	at org.eclipse.jdt.internal.core.util.PublicScanner.getRawTokenSource(PublicScanner.java:597)
	at scala.meta.internal.parsing.JavaFoldingRangeExtractor.gatherImportLines$1(JavaFoldingRangeExtractor.scala:75)
	at scala.meta.internal.parsing.JavaFoldingRangeExtractor.gather$1(JavaFoldingRangeExtractor.scala:125)
	at scala.meta.internal.parsing.JavaFoldingRangeExtractor.extract(JavaFoldingRangeExtractor.scala:157)
	at scala.meta.internal.parsing.FoldingRangeProvider.$anonfun$getRangedForJava$2(FoldingRangeProvider.scala:48)
	at scala.Option$WithFilter.map(Option.scala:242)
	at scala.meta.internal.parsing.FoldingRangeProvider.getRangedForJava(FoldingRangeProvider.scala:43)
	at scala.meta.internal.metals.MetalsLspService.$anonfun$foldingRange$3(MetalsLspService.scala:1795)
	at scala.concurrent.Future$.$anonfun$apply$1(Future.scala:678)
	at scala.concurrent.impl.Promise$Transformation.run(Promise.scala:467)
	... 3 more

May 01, 2023 2:47:15 PM org.eclipse.lsp4j.jsonrpc.RemoteEndpoint fallbackResponseError
SEVERE: Internal error: java.lang.ArrayIndexOutOfBoundsException: arraycopy: last source index 51 out of bounds for char[49]
java.util.concurrent.CompletionException: java.lang.ArrayIndexOutOfBoundsException: arraycopy: last source index 51 out of bounds for char[49]
	at java.base/java.util.concurrent.CompletableFuture.encodeThrowable(CompletableFuture.java:331)
	at java.base/java.util.concurrent.CompletableFuture.completeThrowable(CompletableFuture.java:346)
	at java.base/java.util.concurrent.CompletableFuture$UniAccept.tryFire(CompletableFuture.java:704)
	at java.base/java.util.concurrent.CompletableFuture.postComplete(CompletableFuture.java:506)
	at java.base/java.util.concurrent.CompletableFuture.completeExceptionally(CompletableFuture.java:2088)
	at scala.meta.internal.metals.CancelTokens$.$anonfun$future$1(CancelTokens.scala:40)
	at scala.meta.internal.metals.CancelTokens$.$anonfun$future$1$adapted(CancelTokens.scala:38)
	at scala.concurrent.impl.Promise$Transformation.run(Promise.scala:484)
	at java.base/java.util.concurrent.ThreadPoolExecutor.runWorker(ThreadPoolExecutor.java:1128)
	at java.base/java.util.concurrent.ThreadPoolExecutor$Worker.run(ThreadPoolExecutor.java:628)
	at java.base/java.lang.Thread.run(Thread.java:829)
Caused by: java.lang.ArrayIndexOutOfBoundsException: arraycopy: last source index 51 out of bounds for char[49]
	at java.base/java.lang.System.arraycopy(Native Method)
	at org.eclipse.jdt.internal.core.util.PublicScanner.getRawTokenSource(PublicScanner.java:597)
	at scala.meta.internal.parsing.JavaFoldingRangeExtractor.gatherImportLines$1(JavaFoldingRangeExtractor.scala:75)
	at scala.meta.internal.parsing.JavaFoldingRangeExtractor.gather$1(JavaFoldingRangeExtractor.scala:125)
	at scala.meta.internal.parsing.JavaFoldingRangeExtractor.extract(JavaFoldingRangeExtractor.scala:157)
	at scala.meta.internal.parsing.FoldingRangeProvider.$anonfun$getRangedForJava$2(FoldingRangeProvider.scala:48)
	at scala.Option$WithFilter.map(Option.scala:242)
	at scala.meta.internal.parsing.FoldingRangeProvider.getRangedForJava(FoldingRangeProvider.scala:43)
	at scala.meta.internal.metals.MetalsLspService.$anonfun$foldingRange$3(MetalsLspService.scala:1795)
	at scala.concurrent.Future$.$anonfun$apply$1(Future.scala:678)
	at scala.concurrent.impl.Promise$Transformation.run(Promise.scala:467)
	... 3 more

May 01, 2023 2:47:19 PM org.eclipse.lsp4j.jsonrpc.RemoteEndpoint fallbackResponseError
SEVERE: Internal error: java.lang.ArrayIndexOutOfBoundsException: arraycopy: last source index 66 out of bounds for char[64]
java.util.concurrent.CompletionException: java.lang.ArrayIndexOutOfBoundsException: arraycopy: last source index 66 out of bounds for char[64]
	at java.base/java.util.concurrent.CompletableFuture.encodeThrowable(CompletableFuture.java:331)
	at java.base/java.util.concurrent.CompletableFuture.completeThrowable(CompletableFuture.java:346)
	at java.base/java.util.concurrent.CompletableFuture$UniAccept.tryFire(CompletableFuture.java:704)
	at java.base/java.util.concurrent.CompletableFuture.postComplete(CompletableFuture.java:506)
	at java.base/java.util.concurrent.CompletableFuture.completeExceptionally(CompletableFuture.java:2088)
	at scala.meta.internal.metals.CancelTokens$.$anonfun$future$1(CancelTokens.scala:40)
	at scala.meta.internal.metals.CancelTokens$.$anonfun$future$1$adapted(CancelTokens.scala:38)
	at scala.concurrent.impl.Promise$Transformation.run(Promise.scala:484)
	at java.base/java.util.concurrent.ThreadPoolExecutor.runWorker(ThreadPoolExecutor.java:1128)
	at java.base/java.util.concurrent.ThreadPoolExecutor$Worker.run(ThreadPoolExecutor.java:628)
	at java.base/java.lang.Thread.run(Thread.java:829)
Caused by: java.lang.ArrayIndexOutOfBoundsException: arraycopy: last source index 66 out of bounds for char[64]
	at java.base/java.lang.System.arraycopy(Native Method)
	at org.eclipse.jdt.internal.core.util.PublicScanner.getRawTokenSource(PublicScanner.java:597)
	at scala.meta.internal.parsing.JavaFoldingRangeExtractor.gatherImportLines$1(JavaFoldingRangeExtractor.scala:75)
	at scala.meta.internal.parsing.JavaFoldingRangeExtractor.gather$1(JavaFoldingRangeExtractor.scala:125)
	at scala.meta.internal.parsing.JavaFoldingRangeExtractor.extract(JavaFoldingRangeExtractor.scala:157)
	at scala.meta.internal.parsing.FoldingRangeProvider.$anonfun$getRangedForJava$2(FoldingRangeProvider.scala:48)
	at scala.Option$WithFilter.map(Option.scala:242)
	at scala.meta.internal.parsing.FoldingRangeProvider.getRangedForJava(FoldingRangeProvider.scala:43)
	at scala.meta.internal.metals.MetalsLspService.$anonfun$foldingRange$3(MetalsLspService.scala:1795)
	at scala.concurrent.Future$.$anonfun$apply$1(Future.scala:678)
	at scala.concurrent.impl.Promise$Transformation.run(Promise.scala:467)
	... 3 more

May 01, 2023 2:47:19 PM org.eclipse.lsp4j.jsonrpc.RemoteEndpoint fallbackResponseError
SEVERE: Internal error: java.lang.ArrayIndexOutOfBoundsException: arraycopy: last source index 68 out of bounds for char[66]
java.util.concurrent.CompletionException: java.lang.ArrayIndexOutOfBoundsException: arraycopy: last source index 68 out of bounds for char[66]
	at java.base/java.util.concurrent.CompletableFuture.encodeThrowable(CompletableFuture.java:331)
	at java.base/java.util.concurrent.CompletableFuture.completeThrowable(CompletableFuture.java:346)
	at java.base/java.util.concurrent.CompletableFuture$UniAccept.tryFire(CompletableFuture.java:704)
	at java.base/java.util.concurrent.CompletableFuture.postComplete(CompletableFuture.java:506)
	at java.base/java.util.concurrent.CompletableFuture.completeExceptionally(CompletableFuture.java:2088)
	at scala.meta.internal.metals.CancelTokens$.$anonfun$future$1(CancelTokens.scala:40)
	at scala.meta.internal.metals.CancelTokens$.$anonfun$future$1$adapted(CancelTokens.scala:38)
	at scala.concurrent.impl.Promise$Transformation.run(Promise.scala:484)
	at java.base/java.util.concurrent.ThreadPoolExecutor.runWorker(ThreadPoolExecutor.java:1128)
	at java.base/java.util.concurrent.ThreadPoolExecutor$Worker.run(ThreadPoolExecutor.java:628)
	at java.base/java.lang.Thread.run(Thread.java:829)
Caused by: java.lang.ArrayIndexOutOfBoundsException: arraycopy: last source index 68 out of bounds for char[66]
	at java.base/java.lang.System.arraycopy(Native Method)
	at org.eclipse.jdt.internal.core.util.PublicScanner.getRawTokenSource(PublicScanner.java:597)
	at scala.meta.internal.parsing.JavaFoldingRangeExtractor.gatherImportLines$1(JavaFoldingRangeExtractor.scala:75)
	at scala.meta.internal.parsing.JavaFoldingRangeExtractor.gather$1(JavaFoldingRangeExtractor.scala:125)
	at scala.meta.internal.parsing.JavaFoldingRangeExtractor.extract(JavaFoldingRangeExtractor.scala:157)
	at scala.meta.internal.parsing.FoldingRangeProvider.$anonfun$getRangedForJava$2(FoldingRangeProvider.scala:48)
	at scala.Option$WithFilter.map(Option.scala:242)
	at scala.meta.internal.parsing.FoldingRangeProvider.getRangedForJava(FoldingRangeProvider.scala:43)
	at scala.meta.internal.metals.MetalsLspService.$anonfun$foldingRange$3(MetalsLspService.scala:1795)
	at scala.concurrent.Future$.$anonfun$apply$1(Future.scala:678)
	at scala.concurrent.impl.Promise$Transformation.run(Promise.scala:467)
	... 3 more

May 01, 2023 2:47:19 PM org.eclipse.lsp4j.jsonrpc.RemoteEndpoint handleCancellation
WARNING: Unmatched cancel notification for request id 142
May 01, 2023 2:47:19 PM org.eclipse.lsp4j.jsonrpc.RemoteEndpoint fallbackResponseError
SEVERE: Internal error: java.lang.ArrayIndexOutOfBoundsException: arraycopy: last source index 69 out of bounds for char[67]
java.util.concurrent.CompletionException: java.lang.ArrayIndexOutOfBoundsException: arraycopy: last source index 69 out of bounds for char[67]
	at java.base/java.util.concurrent.CompletableFuture.encodeThrowable(CompletableFuture.java:331)
	at java.base/java.util.concurrent.CompletableFuture.completeThrowable(CompletableFuture.java:346)
	at java.base/java.util.concurrent.CompletableFuture$UniAccept.tryFire(CompletableFuture.java:704)
	at java.base/java.util.concurrent.CompletableFuture.postComplete(CompletableFuture.java:506)
	at java.base/java.util.concurrent.CompletableFuture.completeExceptionally(CompletableFuture.java:2088)
	at scala.meta.internal.metals.CancelTokens$.$anonfun$future$1(CancelTokens.scala:40)
	at scala.meta.internal.metals.CancelTokens$.$anonfun$future$1$adapted(CancelTokens.scala:38)
	at scala.concurrent.impl.Promise$Transformation.run(Promise.scala:484)
	at java.base/java.util.concurrent.ThreadPoolExecutor.runWorker(ThreadPoolExecutor.java:1128)
	at java.base/java.util.concurrent.ThreadPoolExecutor$Worker.run(ThreadPoolExecutor.java:628)
	at java.base/java.lang.Thread.run(Thread.java:829)
Caused by: java.lang.ArrayIndexOutOfBoundsException: arraycopy: last source index 69 out of bounds for char[67]
	at java.base/java.lang.System.arraycopy(Native Method)
	at org.eclipse.jdt.internal.core.util.PublicScanner.getRawTokenSource(PublicScanner.java:597)
	at scala.meta.internal.parsing.JavaFoldingRangeExtractor.gatherImportLines$1(JavaFoldingRangeExtractor.scala:75)
	at scala.meta.internal.parsing.JavaFoldingRangeExtractor.gather$1(JavaFoldingRangeExtractor.scala:125)
	at scala.meta.internal.parsing.JavaFoldingRangeExtractor.extract(JavaFoldingRangeExtractor.scala:157)
	at scala.meta.internal.parsing.FoldingRangeProvider.$anonfun$getRangedForJava$2(FoldingRangeProvider.scala:48)
	at scala.Option$WithFilter.map(Option.scala:242)
	at scala.meta.internal.parsing.FoldingRangeProvider.getRangedForJava(FoldingRangeProvider.scala:43)
	at scala.meta.internal.metals.MetalsLspService.$anonfun$foldingRange$3(MetalsLspService.scala:1795)
	at scala.concurrent.Future$.$anonfun$apply$1(Future.scala:678)
	at scala.concurrent.impl.Promise$Transformation.run(Promise.scala:467)
	... 3 more

May 01, 2023 2:47:20 PM org.eclipse.lsp4j.jsonrpc.RemoteEndpoint fallbackResponseError
SEVERE: Internal error: java.lang.ArrayIndexOutOfBoundsException: arraycopy: last source index 70 out of bounds for char[68]
java.util.concurrent.CompletionException: java.lang.ArrayIndexOutOfBoundsException: arraycopy: last source index 70 out of bounds for char[68]
	at java.base/java.util.concurrent.CompletableFuture.encodeThrowable(CompletableFuture.java:331)
	at java.base/java.util.concurrent.CompletableFuture.completeThrowable(CompletableFuture.java:346)
	at java.base/java.util.concurrent.CompletableFuture$UniAccept.tryFire(CompletableFuture.java:704)
	at java.base/java.util.concurrent.CompletableFuture.postComplete(CompletableFuture.java:506)
	at java.base/java.util.concurrent.CompletableFuture.completeExceptionally(CompletableFuture.java:2088)
	at scala.meta.internal.metals.CancelTokens$.$anonfun$future$1(CancelTokens.scala:40)
	at scala.meta.internal.metals.CancelTokens$.$anonfun$future$1$adapted(CancelTokens.scala:38)
	at scala.concurrent.impl.Promise$Transformation.run(Promise.scala:484)
	at java.base/java.util.concurrent.ThreadPoolExecutor.runWorker(ThreadPoolExecutor.java:1128)
	at java.base/java.util.concurrent.ThreadPoolExecutor$Worker.run(ThreadPoolExecutor.java:628)
	at java.base/java.lang.Thread.run(Thread.java:829)
Caused by: java.lang.ArrayIndexOutOfBoundsException: arraycopy: last source index 70 out of bounds for char[68]
	at java.base/java.lang.System.arraycopy(Native Method)
	at org.eclipse.jdt.internal.core.util.PublicScanner.getRawTokenSource(PublicScanner.java:597)
	at scala.meta.internal.parsing.JavaFoldingRangeExtractor.gatherImportLines$1(JavaFoldingRangeExtractor.scala:75)
	at scala.meta.internal.parsing.JavaFoldingRangeExtractor.gather$1(JavaFoldingRangeExtractor.scala:125)
	at scala.meta.internal.parsing.JavaFoldingRangeExtractor.extract(JavaFoldingRangeExtractor.scala:157)
	at scala.meta.internal.parsing.FoldingRangeProvider.$anonfun$getRangedForJava$2(FoldingRangeProvider.scala:48)
	at scala.Option$WithFilter.map(Option.scala:242)
	at scala.meta.internal.parsing.FoldingRangeProvider.getRangedForJava(FoldingRangeProvider.scala:43)
	at scala.meta.internal.metals.MetalsLspService.$anonfun$foldingRange$3(MetalsLspService.scala:1795)
	at scala.concurrent.Future$.$anonfun$apply$1(Future.scala:678)
	at scala.concurrent.impl.Promise$Transformation.run(Promise.scala:467)
	... 3 more

2023.05.01 14:47:20 WARN  no build target for: /Users/jwzhang/github/ImagineCupJr2023/smartContract.java
2023.05.01 14:47:22 INFO  time: code lens generation in 1.5s
May 01, 2023 2:47:34 PM org.eclipse.lsp4j.jsonrpc.RemoteEndpoint handleCancellation
WARNING: Unmatched cancel notification for request id 176
2023.05.01 14:47:34 WARN  no build target for: /Users/jwzhang/github/ImagineCupJr2023/smartContract.java
May 01, 2023 2:48:08 PM org.eclipse.lsp4j.jsonrpc.RemoteEndpoint handleCancellation
WARNING: Unmatched cancel notification for request id 288
May 01, 2023 2:48:17 PM org.eclipse.lsp4j.jsonrpc.RemoteEndpoint handleCancellation
WARNING: Unmatched cancel notification for request id 347
2023.05.01 14:48:36 WARN  Cannot tokenize Java file file:///Users/jwzhang/github/ImagineCupJr2023/smartContract.java
org.eclipse.jdt.core.compiler.InvalidInputException: Invalid_Character_Constant
	at org.eclipse.jdt.internal.core.util.PublicScanner.getNextToken(PublicScanner.java:1442)
	at scala.meta.internal.parsing.JavaTokens$.loop$1(JavaTokens.scala:71)
	at scala.meta.internal.parsing.JavaTokens$.$anonfun$tokenize$1(JavaTokens.scala:75)
	at scala.util.Try$.apply(Try.scala:210)
	at scala.meta.internal.parsing.JavaTokens$.tokenize(JavaTokens.scala:35)
	at scala.meta.internal.parsing.TokenEditDistance$.apply(TokenEditDistance.scala:370)
	at scala.meta.internal.metals.Diagnostics.publishDiagnostics(Diagnostics.scala:226)
	at scala.meta.internal.metals.Diagnostics.publishDiagnostics(Diagnostics.scala:188)
	at scala.meta.internal.metals.Diagnostics.didChange(Diagnostics.scala:136)
	at scala.meta.internal.metals.MetalsLspService.didChange(MetalsLspService.scala:1265)
	at scala.meta.metals.lsp.DelegatingScalaService.didChange(DelegatingScalaService.scala:50)
	at jdk.internal.reflect.GeneratedMethodAccessor1.invoke(null)
	at jdk.internal.reflect.DelegatingMethodAccessorImpl.invoke(DelegatingMethodAccessorImpl.java:43)
	at java.lang.reflect.Method.invoke(Method.java:566)
	at org.eclipse.lsp4j.jsonrpc.services.GenericEndpoint.lambda$null$0(GenericEndpoint.java:65)
	at org.eclipse.lsp4j.jsonrpc.services.GenericEndpoint.notify(GenericEndpoint.java:152)
	at org.eclipse.lsp4j.jsonrpc.RemoteEndpoint.handleNotification(RemoteEndpoint.java:220)
	at org.eclipse.lsp4j.jsonrpc.RemoteEndpoint.consume(RemoteEndpoint.java:187)
	at org.eclipse.lsp4j.jsonrpc.json.StreamMessageProducer.handleMessage(StreamMessageProducer.java:194)
	at org.eclipse.lsp4j.jsonrpc.json.StreamMessageProducer.listen(StreamMessageProducer.java:94)
	at org.eclipse.lsp4j.jsonrpc.json.ConcurrentMessageProcessor.run(ConcurrentMessageProcessor.java:113)
	at java.util.concurrent.Executors$RunnableAdapter.call(Executors.java:515)
	at java.util.concurrent.FutureTask.run(FutureTask.java:264)
	at java.util.concurrent.ThreadPoolExecutor.runWorker(ThreadPoolExecutor.java:1128)
	at java.util.concurrent.ThreadPoolExecutor$Worker.run(ThreadPoolExecutor.java:628)
	at java.lang.Thread.run(Thread.java:829)

2023.05.01 14:48:36 WARN  Cannot tokenize Java file file:///Users/jwzhang/github/ImagineCupJr2023/smartContract.java
org.eclipse.jdt.core.compiler.InvalidInputException: Invalid_Character_Constant
	at org.eclipse.jdt.internal.core.util.PublicScanner.getNextToken(PublicScanner.java:1490)
	at scala.meta.internal.parsing.JavaTokens$.loop$1(JavaTokens.scala:71)
	at scala.meta.internal.parsing.JavaTokens$.$anonfun$tokenize$1(JavaTokens.scala:75)
	at scala.util.Try$.apply(Try.scala:210)
	at scala.meta.internal.parsing.JavaTokens$.tokenize(JavaTokens.scala:35)
	at scala.meta.internal.parsing.TokenEditDistance$.apply(TokenEditDistance.scala:370)
	at scala.meta.internal.metals.Diagnostics.publishDiagnostics(Diagnostics.scala:226)
	at scala.meta.internal.metals.Diagnostics.publishDiagnostics(Diagnostics.scala:188)
	at scala.meta.internal.metals.Diagnostics.didChange(Diagnostics.scala:136)
	at scala.meta.internal.metals.MetalsLspService.didChange(MetalsLspService.scala:1265)
	at scala.meta.metals.lsp.DelegatingScalaService.didChange(DelegatingScalaService.scala:50)
	at jdk.internal.reflect.GeneratedMethodAccessor1.invoke(null)
	at jdk.internal.reflect.DelegatingMethodAccessorImpl.invoke(DelegatingMethodAccessorImpl.java:43)
	at java.lang.reflect.Method.invoke(Method.java:566)
	at org.eclipse.lsp4j.jsonrpc.services.GenericEndpoint.lambda$null$0(GenericEndpoint.java:65)
	at org.eclipse.lsp4j.jsonrpc.services.GenericEndpoint.notify(GenericEndpoint.java:152)
	at org.eclipse.lsp4j.jsonrpc.RemoteEndpoint.handleNotification(RemoteEndpoint.java:220)
	at org.eclipse.lsp4j.jsonrpc.RemoteEndpoint.consume(RemoteEndpoint.java:187)
	at org.eclipse.lsp4j.jsonrpc.json.StreamMessageProducer.handleMessage(StreamMessageProducer.java:194)
	at org.eclipse.lsp4j.jsonrpc.json.StreamMessageProducer.listen(StreamMessageProducer.java:94)
	at org.eclipse.lsp4j.jsonrpc.json.ConcurrentMessageProcessor.run(ConcurrentMessageProcessor.java:113)
	at java.util.concurrent.Executors$RunnableAdapter.call(Executors.java:515)
	at java.util.concurrent.FutureTask.run(FutureTask.java:264)
	at java.util.concurrent.ThreadPoolExecutor.runWorker(ThreadPoolExecutor.java:1128)
	at java.util.concurrent.ThreadPoolExecutor$Worker.run(ThreadPoolExecutor.java:628)
	at java.lang.Thread.run(Thread.java:829)

May 01, 2023 2:48:37 PM org.eclipse.lsp4j.jsonrpc.RemoteEndpoint fallbackResponseError
SEVERE: Internal error: org.eclipse.jdt.core.compiler.InvalidInputException: Invalid_Character_Constant
java.util.concurrent.CompletionException: org.eclipse.jdt.core.compiler.InvalidInputException: Invalid_Character_Constant
	at java.base/java.util.concurrent.CompletableFuture.encodeThrowable(CompletableFuture.java:331)
	at java.base/java.util.concurrent.CompletableFuture.completeThrowable(CompletableFuture.java:346)
	at java.base/java.util.concurrent.CompletableFuture$UniAccept.tryFire(CompletableFuture.java:704)
	at java.base/java.util.concurrent.CompletableFuture.postComplete(CompletableFuture.java:506)
	at java.base/java.util.concurrent.CompletableFuture.completeExceptionally(CompletableFuture.java:2088)
	at scala.meta.internal.metals.CancelTokens$.$anonfun$future$1(CancelTokens.scala:40)
	at scala.meta.internal.metals.CancelTokens$.$anonfun$future$1$adapted(CancelTokens.scala:38)
	at scala.concurrent.impl.Promise$Transformation.run(Promise.scala:484)
	at java.base/java.util.concurrent.ThreadPoolExecutor.runWorker(ThreadPoolExecutor.java:1128)
	at java.base/java.util.concurrent.ThreadPoolExecutor$Worker.run(ThreadPoolExecutor.java:628)
	at java.base/java.lang.Thread.run(Thread.java:829)
Caused by: org.eclipse.jdt.core.compiler.InvalidInputException: Invalid_Character_Constant
	at org.eclipse.jdt.internal.core.util.PublicScanner.getNextToken(PublicScanner.java:1490)
	at scala.meta.internal.parsing.JavaFoldingRangeExtractor.next$1(JavaFoldingRangeExtractor.scala:102)
	at scala.meta.internal.parsing.JavaFoldingRangeExtractor.gather$1(JavaFoldingRangeExtractor.scala:147)
	at scala.meta.internal.parsing.JavaFoldingRangeExtractor.extract(JavaFoldingRangeExtractor.scala:157)
	at scala.meta.internal.parsing.FoldingRangeProvider.$anonfun$getRangedForJava$2(FoldingRangeProvider.scala:48)
	at scala.Option$WithFilter.map(Option.scala:242)
	at scala.meta.internal.parsing.FoldingRangeProvider.getRangedForJava(FoldingRangeProvider.scala:43)
	at scala.meta.internal.metals.MetalsLspService.$anonfun$foldingRange$3(MetalsLspService.scala:1795)
	at scala.concurrent.Future$.$anonfun$apply$1(Future.scala:678)
	at scala.concurrent.impl.Promise$Transformation.run(Promise.scala:467)
	... 3 more

2023.05.01 14:48:37 WARN  Cannot tokenize Java file file:///Users/jwzhang/github/ImagineCupJr2023/smartContract.java
org.eclipse.jdt.core.compiler.InvalidInputException: Invalid_Character_Constant
	at org.eclipse.jdt.internal.core.util.PublicScanner.getNextToken(PublicScanner.java:1490)
	at scala.meta.internal.parsing.JavaTokens$.loop$1(JavaTokens.scala:71)
	at scala.meta.internal.parsing.JavaTokens$.$anonfun$tokenize$1(JavaTokens.scala:75)
	at scala.util.Try$.apply(Try.scala:210)
	at scala.meta.internal.parsing.JavaTokens$.tokenize(JavaTokens.scala:35)
	at scala.meta.internal.parsing.TokenEditDistance$.apply(TokenEditDistance.scala:370)
	at scala.meta.internal.metals.Buffers.tokenEditDistance(Buffers.scala:30)
	at scala.meta.internal.metals.codelenses.RunTestCodeLens.codeLenses(RunTestCodeLens.scala:62)
	at scala.meta.internal.metals.CodeLensProvider.$anonfun$findLenses$3(CodeLensProvider.scala:26)
	at scala.collection.immutable.List.flatMap(List.scala:293)
	at scala.meta.internal.metals.CodeLensProvider.$anonfun$findLenses$2(CodeLensProvider.scala:26)
	at scala.Option.map(Option.scala:242)
	at scala.meta.internal.metals.CodeLensProvider.findLenses(CodeLensProvider.scala:24)
	at scala.meta.internal.metals.MetalsLspService.$anonfun$codeLens$2(MetalsLspService.scala:1780)
	at scala.meta.internal.metals.TimerProvider.timedThunk(TimerProvider.scala:25)
	at scala.meta.internal.metals.MetalsLspService.$anonfun$codeLens$1(MetalsLspService.scala:1778)
	at scala.meta.internal.metals.CancelTokens$.$anonfun$apply$2(CancelTokens.scala:26)
	at scala.concurrent.Future$.$anonfun$apply$1(Future.scala:678)
	at scala.concurrent.impl.Promise$Transformation.run(Promise.scala:467)
	at java.util.concurrent.ThreadPoolExecutor.runWorker(ThreadPoolExecutor.java:1128)
	at java.util.concurrent.ThreadPoolExecutor$Worker.run(ThreadPoolExecutor.java:628)
	at java.lang.Thread.run(Thread.java:829)

2023.05.01 14:48:37 WARN  Cannot tokenize Java file file:///Users/jwzhang/github/ImagineCupJr2023/smartContract.java
org.eclipse.jdt.core.compiler.InvalidInputException: Invalid_Character_Constant
	at org.eclipse.jdt.internal.core.util.PublicScanner.getNextToken(PublicScanner.java:1490)
	at scala.meta.internal.parsing.JavaTokens$.loop$1(JavaTokens.scala:71)
	at scala.meta.internal.parsing.JavaTokens$.$anonfun$tokenize$1(JavaTokens.scala:75)
	at scala.util.Try$.apply(Try.scala:210)
	at scala.meta.internal.parsing.JavaTokens$.tokenize(JavaTokens.scala:35)
	at scala.meta.internal.parsing.TokenEditDistance$.apply(TokenEditDistance.scala:370)
	at scala.meta.internal.metals.Buffers.tokenEditDistance(Buffers.scala:30)
	at scala.meta.internal.metals.codelenses.SuperMethodCodeLens.codeLenses(SuperMethodCodeLens.scala:36)
	at scala.meta.internal.metals.CodeLensProvider.$anonfun$findLenses$3(CodeLensProvider.scala:26)
	at scala.collection.immutable.List.flatMap(List.scala:293)
	at scala.meta.internal.metals.CodeLensProvider.$anonfun$findLenses$2(CodeLensProvider.scala:26)
	at scala.Option.map(Option.scala:242)
	at scala.meta.internal.metals.CodeLensProvider.findLenses(CodeLensProvider.scala:24)
	at scala.meta.internal.metals.MetalsLspService.$anonfun$codeLens$2(MetalsLspService.scala:1780)
	at scala.meta.internal.metals.TimerProvider.timedThunk(TimerProvider.scala:25)
	at scala.meta.internal.metals.MetalsLspService.$anonfun$codeLens$1(MetalsLspService.scala:1778)
	at scala.meta.internal.metals.CancelTokens$.$anonfun$apply$2(CancelTokens.scala:26)
	at scala.concurrent.Future$.$anonfun$apply$1(Future.scala:678)
	at scala.concurrent.impl.Promise$Transformation.run(Promise.scala:467)
	at java.util.concurrent.ThreadPoolExecutor.runWorker(ThreadPoolExecutor.java:1128)
	at java.util.concurrent.ThreadPoolExecutor$Worker.run(ThreadPoolExecutor.java:628)
	at java.lang.Thread.run(Thread.java:829)

2023.05.01 14:48:37 WARN  Cannot tokenize Java file file:///Users/jwzhang/github/ImagineCupJr2023/smartContract.java
org.eclipse.jdt.core.compiler.InvalidInputException: Invalid_Character_Constant
	at org.eclipse.jdt.internal.core.util.PublicScanner.getNextToken(PublicScanner.java:1442)
	at scala.meta.internal.parsing.JavaTokens$.loop$1(JavaTokens.scala:71)
	at scala.meta.internal.parsing.JavaTokens$.$anonfun$tokenize$1(JavaTokens.scala:75)
	at scala.util.Try$.apply(Try.scala:210)
	at scala.meta.internal.parsing.JavaTokens$.tokenize(JavaTokens.scala:35)
	at scala.meta.internal.parsing.TokenEditDistance$.apply(TokenEditDistance.scala:370)
	at scala.meta.internal.metals.Diagnostics.publishDiagnostics(Diagnostics.scala:226)
	at scala.meta.internal.metals.Diagnostics.publishDiagnostics(Diagnostics.scala:188)
	at scala.meta.internal.metals.Diagnostics.didChange(Diagnostics.scala:136)
	at scala.meta.internal.metals.MetalsLspService.didChange(MetalsLspService.scala:1265)
	at scala.meta.metals.lsp.DelegatingScalaService.didChange(DelegatingScalaService.scala:50)
	at jdk.internal.reflect.GeneratedMethodAccessor1.invoke(null)
	at jdk.internal.reflect.DelegatingMethodAccessorImpl.invoke(DelegatingMethodAccessorImpl.java:43)
	at java.lang.reflect.Method.invoke(Method.java:566)
	at org.eclipse.lsp4j.jsonrpc.services.GenericEndpoint.lambda$null$0(GenericEndpoint.java:65)
	at org.eclipse.lsp4j.jsonrpc.services.GenericEndpoint.notify(GenericEndpoint.java:152)
	at org.eclipse.lsp4j.jsonrpc.RemoteEndpoint.handleNotification(RemoteEndpoint.java:220)
	at org.eclipse.lsp4j.jsonrpc.RemoteEndpoint.consume(RemoteEndpoint.java:187)
	at org.eclipse.lsp4j.jsonrpc.json.StreamMessageProducer.handleMessage(StreamMessageProducer.java:194)
	at org.eclipse.lsp4j.jsonrpc.json.StreamMessageProducer.listen(StreamMessageProducer.java:94)
	at org.eclipse.lsp4j.jsonrpc.json.ConcurrentMessageProcessor.run(ConcurrentMessageProcessor.java:113)
	at java.util.concurrent.Executors$RunnableAdapter.call(Executors.java:515)
	at java.util.concurrent.FutureTask.run(FutureTask.java:264)
	at java.util.concurrent.ThreadPoolExecutor.runWorker(ThreadPoolExecutor.java:1128)
	at java.util.concurrent.ThreadPoolExecutor$Worker.run(ThreadPoolExecutor.java:628)
	at java.lang.Thread.run(Thread.java:829)

May 01, 2023 2:48:37 PM org.eclipse.lsp4j.jsonrpc.RemoteEndpoint fallbackResponseError
SEVERE: Internal error: org.eclipse.jdt.core.compiler.InvalidInputException: Invalid_Character_Constant
java.util.concurrent.CompletionException: org.eclipse.jdt.core.compiler.InvalidInputException: Invalid_Character_Constant
	at java.base/java.util.concurrent.CompletableFuture.encodeThrowable(CompletableFuture.java:331)
	at java.base/java.util.concurrent.CompletableFuture.completeThrowable(CompletableFuture.java:346)
	at java.base/java.util.concurrent.CompletableFuture$UniAccept.tryFire(CompletableFuture.java:704)
	at java.base/java.util.concurrent.CompletableFuture.postComplete(CompletableFuture.java:506)
	at java.base/java.util.concurrent.CompletableFuture.completeExceptionally(CompletableFuture.java:2088)
	at scala.meta.internal.metals.CancelTokens$.$anonfun$future$1(CancelTokens.scala:40)
	at scala.meta.internal.metals.CancelTokens$.$anonfun$future$1$adapted(CancelTokens.scala:38)
	at scala.concurrent.impl.Promise$Transformation.run(Promise.scala:484)
	at java.base/java.util.concurrent.ThreadPoolExecutor.runWorker(ThreadPoolExecutor.java:1128)
	at java.base/java.util.concurrent.ThreadPoolExecutor$Worker.run(ThreadPoolExecutor.java:628)
	at java.base/java.lang.Thread.run(Thread.java:829)
Caused by: org.eclipse.jdt.core.compiler.InvalidInputException: Invalid_Character_Constant
	at org.eclipse.jdt.internal.core.util.PublicScanner.getNextToken(PublicScanner.java:1442)
	at scala.meta.internal.parsing.JavaFoldingRangeExtractor.next$1(JavaFoldingRangeExtractor.scala:102)
	at scala.meta.internal.parsing.JavaFoldingRangeExtractor.gather$1(JavaFoldingRangeExtractor.scala:147)
	at scala.meta.internal.parsing.JavaFoldingRangeExtractor.extract(JavaFoldingRangeExtractor.scala:157)
	at scala.meta.internal.parsing.FoldingRangeProvider.$anonfun$getRangedForJava$2(FoldingRangeProvider.scala:48)
	at scala.Option$WithFilter.map(Option.scala:242)
	at scala.meta.internal.parsing.FoldingRangeProvider.getRangedForJava(FoldingRangeProvider.scala:43)
	at scala.meta.internal.metals.MetalsLspService.$anonfun$foldingRange$3(MetalsLspService.scala:1795)
	at scala.concurrent.Future$.$anonfun$apply$1(Future.scala:678)
	at scala.concurrent.impl.Promise$Transformation.run(Promise.scala:467)
	... 3 more

2023.05.01 14:48:37 WARN  Cannot tokenize Java file file:///Users/jwzhang/github/ImagineCupJr2023/smartContract.java
org.eclipse.jdt.core.compiler.InvalidInputException: Invalid_Character_Constant
	at org.eclipse.jdt.internal.core.util.PublicScanner.getNextToken(PublicScanner.java:1442)
	at scala.meta.internal.parsing.JavaTokens$.loop$1(JavaTokens.scala:71)
	at scala.meta.internal.parsing.JavaTokens$.$anonfun$tokenize$1(JavaTokens.scala:75)
	at scala.util.Try$.apply(Try.scala:210)
	at scala.meta.internal.parsing.JavaTokens$.tokenize(JavaTokens.scala:35)
	at scala.meta.internal.parsing.TokenEditDistance$.apply(TokenEditDistance.scala:370)
	at scala.meta.internal.metals.Buffers.tokenEditDistance(Buffers.scala:30)
	at scala.meta.internal.metals.codelenses.RunTestCodeLens.codeLenses(RunTestCodeLens.scala:62)
	at scala.meta.internal.metals.CodeLensProvider.$anonfun$findLenses$3(CodeLensProvider.scala:26)
	at scala.collection.immutable.List.flatMap(List.scala:293)
	at scala.meta.internal.metals.CodeLensProvider.$anonfun$findLenses$2(CodeLensProvider.scala:26)
	at scala.Option.map(Option.scala:242)
	at scala.meta.internal.metals.CodeLensProvider.findLenses(CodeLensProvider.scala:24)
	at scala.meta.internal.metals.MetalsLspService.$anonfun$codeLens$2(MetalsLspService.scala:1780)
	at scala.meta.internal.metals.TimerProvider.timedThunk(TimerProvider.scala:25)
	at scala.meta.internal.metals.MetalsLspService.$anonfun$codeLens$1(MetalsLspService.scala:1778)
	at scala.meta.internal.metals.CancelTokens$.$anonfun$apply$2(CancelTokens.scala:26)
	at scala.concurrent.Future$.$anonfun$apply$1(Future.scala:678)
	at scala.concurrent.impl.Promise$Transformation.run(Promise.scala:467)
	at java.util.concurrent.ThreadPoolExecutor.runWorker(ThreadPoolExecutor.java:1128)
	at java.util.concurrent.ThreadPoolExecutor$Worker.run(ThreadPoolExecutor.java:628)
	at java.lang.Thread.run(Thread.java:829)

2023.05.01 14:48:37 WARN  Cannot tokenize Java file file:///Users/jwzhang/github/ImagineCupJr2023/smartContract.java
org.eclipse.jdt.core.compiler.InvalidInputException: Invalid_Character_Constant
	at org.eclipse.jdt.internal.core.util.PublicScanner.getNextToken(PublicScanner.java:1442)
	at scala.meta.internal.parsing.JavaTokens$.loop$1(JavaTokens.scala:71)
	at scala.meta.internal.parsing.JavaTokens$.$anonfun$tokenize$1(JavaTokens.scala:75)
	at scala.util.Try$.apply(Try.scala:210)
	at scala.meta.internal.parsing.JavaTokens$.tokenize(JavaTokens.scala:35)
	at scala.meta.internal.parsing.TokenEditDistance$.apply(TokenEditDistance.scala:370)
	at scala.meta.internal.metals.Buffers.tokenEditDistance(Buffers.scala:30)
	at scala.meta.internal.metals.codelenses.SuperMethodCodeLens.codeLenses(SuperMethodCodeLens.scala:36)
	at scala.meta.internal.metals.CodeLensProvider.$anonfun$findLenses$3(CodeLensProvider.scala:26)
	at scala.collection.immutable.List.flatMap(List.scala:293)
	at scala.meta.internal.metals.CodeLensProvider.$anonfun$findLenses$2(CodeLensProvider.scala:26)
	at scala.Option.map(Option.scala:242)
	at scala.meta.internal.metals.CodeLensProvider.findLenses(CodeLensProvider.scala:24)
	at scala.meta.internal.metals.MetalsLspService.$anonfun$codeLens$2(MetalsLspService.scala:1780)
	at scala.meta.internal.metals.TimerProvider.timedThunk(TimerProvider.scala:25)
	at scala.meta.internal.metals.MetalsLspService.$anonfun$codeLens$1(MetalsLspService.scala:1778)
	at scala.meta.internal.metals.CancelTokens$.$anonfun$apply$2(CancelTokens.scala:26)
	at scala.concurrent.Future$.$anonfun$apply$1(Future.scala:678)
	at scala.concurrent.impl.Promise$Transformation.run(Promise.scala:467)
	at java.util.concurrent.ThreadPoolExecutor.runWorker(ThreadPoolExecutor.java:1128)
	at java.util.concurrent.ThreadPoolExecutor$Worker.run(ThreadPoolExecutor.java:628)
	at java.lang.Thread.run(Thread.java:829)

2023.05.01 14:48:58 WARN  no build target for: /Users/jwzhang/github/ImagineCupJr2023/smartContract.java
May 01, 2023 2:49:05 PM org.eclipse.lsp4j.jsonrpc.RemoteEndpoint handleCancellation
WARNING: Unmatched cancel notification for request id 687
2023.05.01 14:49:13 WARN  no build target for: /Users/jwzhang/github/ImagineCupJr2023/smartContract.java
2023.05.01 14:49:15 WARN  no build target for: /Users/jwzhang/github/ImagineCupJr2023/smartContract.java
May 01, 2023 2:49:15 PM org.eclipse.lsp4j.jsonrpc.RemoteEndpoint handleCancellation
WARNING: Unmatched cancel notification for request id 741
2023.05.01 14:49:15 WARN  no build target for: /Users/jwzhang/github/ImagineCupJr2023/smartContract.java
May 01, 2023 2:49:15 PM org.eclipse.lsp4j.jsonrpc.RemoteEndpoint handleCancellation
WARNING: Unmatched cancel notification for request id 742
2023.05.01 14:49:15 WARN  no build target for: /Users/jwzhang/github/ImagineCupJr2023/smartContract.java
2023.05.01 14:49:15 WARN  no build target for: /Users/jwzhang/github/ImagineCupJr2023/smartContract.java
May 01, 2023 2:49:23 PM org.eclipse.lsp4j.jsonrpc.RemoteEndpoint handleCancellation
WARNING: Unmatched cancel notification for request id 789
2023.05.01 14:49:49 WARN  no build target for: /Users/jwzhang/github/ImagineCupJr2023/smartContract.java
May 01, 2023 2:49:53 PM org.eclipse.lsp4j.jsonrpc.RemoteEndpoint handleCancellation
WARNING: Unmatched cancel notification for request id 996
2023.05.01 14:50:18 WARN  no build target for: /Users/jwzhang/github/ImagineCupJr2023/smartContract.java
2023.05.01 14:50:42 WARN  no build target for: /Users/jwzhang/github/ImagineCupJr2023/smartContract.java
2023.05.01 14:51:19 WARN  no build target for: /Users/jwzhang/github/ImagineCupJr2023/smartContract.java
2023.05.01 14:51:32 WARN  no build target for: /Users/jwzhang/github/ImagineCupJr2023/smartContract.java
2023.05.01 14:51:59 WARN  no build target for: /Users/jwzhang/github/ImagineCupJr2023/smartContract.java
2023.05.01 15:08:25 WARN  no build target for: /Users/jwzhang/github/ImagineCupJr2023/smartContract.java
2023.05.01 15:08:26 WARN  Running javac-semanticdb failed for file:///Users/jwzhang/github/ImagineCupJr2023/smartContract.java. Output:
/Users/jwzhang/github/ImagineCupJr2023/smartContract.java:51: error: > expected
    String ownerAdress = "";
           ^
1 error
2023.05.01 15:08:26 INFO  time: code lens generation in 1.04s
2023.05.01 15:09:38 WARN  no build target for: /Users/jwzhang/github/ImagineCupJr2023/smartContract.java
May 01, 2023 3:09:42 PM org.eclipse.lsp4j.jsonrpc.RemoteEndpoint handleCancellation
WARNING: Unmatched cancel notification for request id 1682
2023.05.01 15:09:43 WARN  no build target for: /Users/jwzhang/github/ImagineCupJr2023/smartContract.java
2023.05.01 15:09:45 WARN  no build target for: /Users/jwzhang/github/ImagineCupJr2023/smartContract.java
2023.05.01 15:31:51 INFO  Shutting down server
2023.05.01 15:31:51 INFO  shutting down Metals
2023.05.01 15:31:51 INFO  Exiting server
2023.05.01 15:36:38 INFO  Started: Metals version 0.11.12 in workspace '/Users/jwzhang/github/ImagineCupJr2023' for client Visual Studio Code 1.77.3.
May 01, 2023 3:36:38 PM org.flywaydb.core.internal.license.VersionPrinter printVersionOnly
INFO: Flyway Community Edition 9.16.3 by Redgate
May 01, 2023 3:36:38 PM org.flywaydb.core.internal.license.VersionPrinter printVersion
INFO: See release notes here: https://rd.gt/416ObMi
May 01, 2023 3:36:38 PM org.flywaydb.core.internal.license.VersionPrinter printVersion
INFO: 
May 01, 2023 3:36:38 PM org.flywaydb.core.internal.database.base.BaseDatabaseType createDatabase
INFO: Database: jdbc:h2:file:/Users/jwzhang/github/ImagineCupJr2023/.metals/metals (H2 2.1)
May 01, 2023 3:36:38 PM org.flywaydb.core.internal.command.DbValidate validate
INFO: Successfully validated 4 migrations (execution time 00:00.033s)
May 01, 2023 3:36:38 PM org.flywaydb.core.internal.command.DbMigrate migrateGroup
INFO: Current version of schema "PUBLIC": 4
May 01, 2023 3:36:38 PM org.flywaydb.core.internal.command.DbMigrate logSummary
INFO: Schema "PUBLIC" is up to date. No migration necessary.
2023.05.01 15:36:38 INFO  time: initialize in 0.8s
2023.05.01 15:36:44 WARN  Build server is not auto-connectable.
2023.05.01 15:36:44 WARN  no build tool detected in workspace '/Users/jwzhang/github/ImagineCupJr2023'. The most common cause for this problem is that the editor was opened in the wrong working directory, for example if you use sbt then the workspace directory should contain build.sbt. 
2023.05.01 15:36:44 WARN  no build target for: /Users/jwzhang/github/ImagineCupJr2023/smartContract.java
2023.05.01 15:36:46 INFO  time: code lens generation in 2.07s
2023.05.02 10:52:26 WARN  no build target for: /Users/jwzhang/github/ImagineCupJr2023/smartContract.java
2023.05.02 10:52:28 INFO  time: code lens generation in 1.91s
May 02, 2023 10:52:28 AM org.eclipse.lsp4j.jsonrpc.RemoteEndpoint handleCancellation
WARNING: Unmatched cancel notification for request id 35
May 02, 2023 10:52:28 AM org.eclipse.lsp4j.jsonrpc.RemoteEndpoint handleCancellation
WARNING: Unmatched cancel notification for request id 38
2023.05.02 10:53:00 WARN  no build target for: /Users/jwzhang/github/ImagineCupJr2023/smartContract.java
2023.05.02 10:53:01 WARN  Running javac-semanticdb failed for file:///Users/jwzhang/github/ImagineCupJr2023/smartContract.java. Output:
/Users/jwzhang/github/ImagineCupJr2023/smartContract.java:50: error: illegal start of type
    void addToOwner(int _petID, String _name, String _breed, String dob, ){
                                                                         ^
1 error
2023.05.02 10:53:46 WARN  no build target for: /Users/jwzhang/github/ImagineCupJr2023/smartContract.java
May 02, 2023 10:53:57 AM org.eclipse.lsp4j.jsonrpc.RemoteEndpoint handleCancellation
WARNING: Unmatched cancel notification for request id 339
2023.05.02 10:54:07 WARN  no build target for: /Users/jwzhang/github/ImagineCupJr2023/smartContract.java
2023.05.02 10:54:09 WARN  no build target for: /Users/jwzhang/github/ImagineCupJr2023/smartContract.java
2023.05.02 10:54:11 INFO  time: code lens generation in 2.96s
2023.05.02 10:54:11 INFO  time: code lens generation in 3.4s
2023.05.02 10:55:04 WARN  no build target for: /Users/jwzhang/github/ImagineCupJr2023/smartContract.java
2023.05.02 10:55:06 INFO  time: code lens generation in 1.61s
2023.05.02 10:55:21 WARN  no build target for: /Users/jwzhang/github/ImagineCupJr2023/smartContract.java
2023.05.02 10:55:21 WARN  no build target for: /Users/jwzhang/github/ImagineCupJr2023/smartContract.java
2023.05.02 10:56:09 WARN  no build target for: /Users/jwzhang/github/ImagineCupJr2023/smartContract.java
2023.05.02 10:56:10 WARN  Running javac-semanticdb failed for file:///Users/jwzhang/github/ImagineCupJr2023/smartContract.java. Output:
/Users/jwzhang/github/ImagineCupJr2023/smartContract.java:50: error: ')' expected
        records.add(own, new ArrayList<Pet>();)
                                             ^
/Users/jwzhang/github/ImagineCupJr2023/smartContract.java:50: error: illegal start of expression
        records.add(own, new ArrayList<Pet>();)
                                              ^
2 errors
2023.05.02 10:56:12 WARN  no build target for: /Users/jwzhang/github/ImagineCupJr2023/smartContract.java
2023.05.02 10:56:14 WARN  Using indexes to guess the definition of Pet
May 02, 2023 10:56:15 AM org.eclipse.lsp4j.jsonrpc.RemoteEndpoint handleCancellation
WARNING: Unmatched cancel notification for request id 786
2023.05.02 10:56:19 WARN  no build target for: /Users/jwzhang/github/ImagineCupJr2023/smartContract.java
2023.05.02 10:56:22 WARN  no build target for: /Users/jwzhang/github/ImagineCupJr2023/smartContract.java
2023.05.02 10:56:27 WARN  no build target for: /Users/jwzhang/github/ImagineCupJr2023/smartContract.java
2023.05.02 10:56:33 WARN  no build target for: /Users/jwzhang/github/ImagineCupJr2023/smartContract.java
2023.05.02 10:56:35 WARN  no build target for: /Users/jwzhang/github/ImagineCupJr2023/smartContract.java
2023.05.02 10:56:38 WARN  no build target for: /Users/jwzhang/github/ImagineCupJr2023/smartContract.java
2023.05.02 10:56:56 WARN  no build target for: /Users/jwzhang/github/ImagineCupJr2023/smartContract.java
2023.05.02 10:57:05 WARN  no build target for: /Users/jwzhang/github/ImagineCupJr2023/smartContract.java
2023.05.02 10:57:06 INFO  time: code lens generation in 1.82s
2023.05.02 10:57:09 WARN  no build target for: /Users/jwzhang/github/ImagineCupJr2023/smartContract.java
2023.05.02 10:57:11 WARN  no build target for: /Users/jwzhang/github/ImagineCupJr2023/smartContract.java
2023.05.02 10:57:13 INFO  time: code lens generation in 2.41s
2023.05.02 10:57:19 WARN  no build target for: /Users/jwzhang/github/ImagineCupJr2023/smartContract.java
2023.05.02 10:57:19 WARN  no build target for: /Users/jwzhang/github/ImagineCupJr2023/smartContract.java
2023.05.02 10:57:38 WARN  no build target for: /Users/jwzhang/github/ImagineCupJr2023/smartContract.java
2023.05.02 10:57:55 WARN  no build target for: /Users/jwzhang/github/ImagineCupJr2023/smartContract.java
2023.05.02 11:00:15 WARN  no build target for: /Users/jwzhang/github/ImagineCupJr2023/smartContract.java
2023.05.02 11:00:17 INFO  time: code lens generation in 1.76s
2023.05.02 11:00:41 WARN  no build target for: /Users/jwzhang/github/ImagineCupJr2023/smartContract.java
2023.05.02 11:00:41 WARN  no build target for: /Users/jwzhang/github/ImagineCupJr2023/smartContract.java
2023.05.02 11:01:00 WARN  no build target for: /Users/jwzhang/github/ImagineCupJr2023/smartContract.java
2023.05.02 11:01:13 WARN  no build target for: /Users/jwzhang/github/ImagineCupJr2023/smartContract.java
May 02, 2023 11:01:15 AM org.eclipse.lsp4j.jsonrpc.RemoteEndpoint handleCancellation
WARNING: Unmatched cancel notification for request id 1678
May 02, 2023 11:01:15 AM org.eclipse.lsp4j.jsonrpc.RemoteEndpoint handleCancellation
WARNING: Unmatched cancel notification for request id 1679
2023.05.02 11:01:32 WARN  no build target for: /Users/jwzhang/github/ImagineCupJr2023/smartContract.java
2023.05.02 11:01:34 INFO  time: code lens generation in 1.76s
2023.05.02 11:01:35 WARN  no build target for: /Users/jwzhang/github/ImagineCupJr2023/smartContract.java
2023.05.02 11:01:47 WARN  no build target for: /Users/jwzhang/github/ImagineCupJr2023/smartContract.java
2023.05.02 21:34:43 WARN  no build target for: /Users/jwzhang/github/ImagineCupJr2023/smartContract.java
2023.05.02 21:35:22 WARN  no build target for: /Users/jwzhang/github/ImagineCupJr2023/smartContract.java
2023.05.02 21:35:24 INFO  time: code lens generation in 1.69s
2023.05.02 21:35:43 WARN  no build target for: /Users/jwzhang/github/ImagineCupJr2023/smartContract.java
2023.05.02 21:36:42 WARN  no build target for: /Users/jwzhang/github/ImagineCupJr2023/smartContract.java
2023.05.02 21:36:43 INFO  time: code lens generation in 1.61s
2023.05.02 21:36:58 WARN  no build target for: /Users/jwzhang/github/ImagineCupJr2023/smartContract.java
May 02, 2023 9:37:08 PM org.eclipse.lsp4j.jsonrpc.RemoteEndpoint handleCancellation
WARNING: Unmatched cancel notification for request id 2016
2023.05.02 21:37:13 WARN  no build target for: /Users/jwzhang/github/ImagineCupJr2023/smartContract.java
2023.05.02 21:37:31 WARN  no build target for: /Users/jwzhang/github/ImagineCupJr2023/smartContract.java
May 02, 2023 9:37:33 PM org.eclipse.lsp4j.jsonrpc.RemoteEndpoint handleCancellation
WARNING: Unmatched cancel notification for request id 2133
May 02, 2023 9:37:46 PM org.eclipse.lsp4j.jsonrpc.RemoteEndpoint handleCancellation
WARNING: Unmatched cancel notification for request id 2169
2023.05.02 21:37:48 WARN  no build target for: /Users/jwzhang/github/ImagineCupJr2023/smartContract.java
2023.05.02 21:42:04 WARN  no build target for: /Users/jwzhang/github/ImagineCupJr2023/smartContract.java
